Build started 9/10/2015 1:37:21 AM.
     1>Project "G:\Year two semester two\C++\Tetris\tetris\h_deWattignar_Tetris\h_deWattignar_Tetris\h_deWattignar_Tetris.vcxproj" on node 2 (Build target(s)).
     1>ClCompile:
         C:\Program Files (x86)\Microsoft Visual Studio 12.0\VC\bin\CL.exe /c /AI"C:\Program Files (x86)\Reference Assemblies\Microsoft\Framework\.NETFramework\v4.0" /AI"C:\Program Files (x86)\Windows Kits\8.1\References\CommonConfiguration\Neutral" /Zi /clr:pure /nologo /W3 /WX- /Od /Oy- /D WIN32 /D _DEBUG /D _USING_V110_SDK71_ /D _UNICODE /D UNICODE /EHa /MDd /GS /fp:precise /Zc:wchar_t /Zc:forScope /Yu"stdafx.h" /Fp"Debug\h_deWattignar_Tetris.pch" /Fo"Debug\\" /Fd"Debug\vc120.pdb" /TP /FU"C:\Program Files (x86)\Reference Assemblies\Microsoft\Framework\.NETFramework\v4.0\mscorlib.dll" /FU"C:\Program Files (x86)\Reference Assemblies\Microsoft\Framework\.NETFramework\v4.0\System.Data.dll" /FU"C:\Program Files (x86)\Reference Assemblies\Microsoft\Framework\.NETFramework\v4.0\System.dll" /FU"C:\Program Files (x86)\Reference Assemblies\Microsoft\Framework\.NETFramework\v4.0\System.Drawing.dll" /FU"C:\Program Files (x86)\Reference Assemblies\Microsoft\Framework\.NETFramework\v4.0\System.Windows.Forms.dll" /FU"C:\Program Files (x86)\Reference Assemblies\Microsoft\Framework\.NETFramework\v4.0\System.Xml.dll" /analyze- /errorReport:prompt /clr:nostdlib Board.cpp Drawer.cpp GameEngine.cpp Piece.cpp h_deWattignar_Tetris.cpp
         Board.cpp
         Drawer.cpp
         GameEngine.cpp
         Piece.cpp
         h_deWattignar_Tetris.cpp
         Generating Code...
       Link:
         C:\Program Files (x86)\Microsoft Visual Studio 12.0\VC\bin\link.exe /ERRORREPORT:PROMPT /OUT:"G:\Year two semester two\C++\Tetris\tetris\h_deWattignar_Tetris\Debug\h_deWattignar_Tetris.exe" /INCREMENTAL /NOLOGO /ASSEMBLYRESOURCE:Debug\h_deWattignar_Tetris.Form1.resources /MANIFEST /MANIFESTUAC:"level='asInvoker' uiAccess='false'" /manifest:embed /DEBUG /PDB:"G:\Year two semester two\C++\Tetris\tetris\h_deWattignar_Tetris\Debug\h_deWattignar_Tetris.pdb" /ASSEMBLYDEBUG /SUBSYSTEM:WINDOWS,"5.01" /TLBID:1 /ENTRY:"main" /DYNAMICBASE /FIXED:NO /NXCOMPAT /MACHINE:X86 /SAFESEH Debug\app.res
         Debug\AssemblyInfo.obj
         Debug\Board.obj
         Debug\Drawer.obj
         Debug\GameEngine.obj
         Debug\h_deWattignar_Tetris.obj
         Debug\Piece.obj
         Debug\stdafx.obj
         "Debug\.NETFramework,Version=v4.0.AssemblyAttributes.obj"
         h_deWattignar_Tetris.vcxproj -> G:\Year two semester two\C++\Tetris\tetris\h_deWattignar_Tetris\Debug\h_deWattignar_Tetris.exe
     1>Done Building Project "G:\Year two semester two\C++\Tetris\tetris\h_deWattignar_Tetris\h_deWattignar_Tetris\h_deWattignar_Tetris.vcxproj" (Build target(s)).

Build succeeded.

Time Elapsed 00:00:09.00
