c:\users\dewahm1\documents\github\nexus\nexus2000\nexus2000\debug\nexus2000.pch
c:\users\dewahm1\documents\github\nexus\nexus2000\nexus2000\debug\vc120.pdb
c:\users\dewahm1\documents\github\nexus\nexus2000\nexus2000\debug\stdafx.obj
c:\users\dewahm1\documents\github\nexus\nexus2000\nexus2000\debug\node.obj
c:\users\dewahm1\documents\github\nexus\nexus2000\nexus2000\debug\nexus2000.obj
c:\users\dewahm1\documents\github\nexus\nexus2000\nexus2000\debug\gameengine.obj
c:\users\dewahm1\documents\github\nexus\nexus2000\nexus2000\debug\drawer.obj
c:\users\dewahm1\documents\github\nexus\nexus2000\nexus2000\debug\board.obj
c:\users\dewahm1\documents\github\nexus\nexus2000\nexus2000\debug\assemblyinfo.obj
c:\users\dewahm1\documents\github\nexus\nexus2000\nexus2000\debug\.netframework,version=v4.0.assemblyattributes.obj
c:\users\dewahm1\documents\github\nexus\nexus2000\debug\nexus2000.exe
c:\users\dewahm1\documents\github\nexus\nexus2000\debug\nexus2000.pdb
c:\users\dewahm1\documents\github\nexus\nexus2000\nexus2000\debug\nexus2000.form1.resources
c:\users\dewahm1\documents\github\nexus\nexus2000\nexus2000\debug\app.res
c:\users\dewahm1\documents\github\nexus\nexus2000\nexus2000\debug\nexus2000.vcxproj.generateresource.cache
c:\users\dewahm1\documents\github\nexus\nexus2000\nexus2000\debug\nexus2000.vcxprojresolveassemblyreference.cache
c:\users\dewahm1\documents\github\nexus\nexus2000\nexus2000\debug\nexus2000.tlog\cl.command.1.tlog
c:\users\dewahm1\documents\github\nexus\nexus2000\nexus2000\debug\nexus2000.tlog\cl.read.1.tlog
c:\users\dewahm1\documents\github\nexus\nexus2000\nexus2000\debug\nexus2000.tlog\cl.write.1.tlog
c:\users\dewahm1\documents\github\nexus\nexus2000\nexus2000\debug\nexus2000.tlog\link.command.1.tlog
c:\users\dewahm1\documents\github\nexus\nexus2000\nexus2000\debug\nexus2000.tlog\link.read.1.tlog
c:\users\dewahm1\documents\github\nexus\nexus2000\nexus2000\debug\nexus2000.tlog\link.write.1.tlog
c:\users\dewahm1\documents\github\nexus\nexus2000\nexus2000\debug\nexus2000.tlog\metagen.read.1.tlog
c:\users\dewahm1\documents\github\nexus\nexus2000\nexus2000\debug\nexus2000.tlog\metagen.write.1.tlog
c:\users\dewahm1\documents\github\nexus\nexus2000\nexus2000\debug\nexus2000.tlog\nexus2000.write.1u.tlog
c:\users\dewahm1\documents\github\nexus\nexus2000\nexus2000\debug\nexus2000.tlog\rc.command.1.tlog
c:\users\dewahm1\documents\github\nexus\nexus2000\nexus2000\debug\nexus2000.tlog\rc.read.1.tlog
c:\users\dewahm1\documents\github\nexus\nexus2000\nexus2000\debug\nexus2000.tlog\rc.write.1.tlog
c:\users\dewahm1\documents\github\nexus\nexus2000\nexus2000\debug\nexus2000.tlog\rsaenh.dll.bi
c:\users\dewahm1\documents\github\nexus\nexus2000\nexus2000\debug\nexus2000.tlog\tzres.dll.bi
