Game2 log started: 2015-08-13_14-47-27

GMeurope.xml
GI002START
GP21
D1Dw
D1Dp
D1De
D1Dy
Sbeebr
Sbeebr
D1M011910314105011807
D2Dn
D2De
D2De
D2De
Sbeebr
D2M080407182209031607
E072521011910
E12
E244220182209
E22
Game round: 1
GT1120000
D1Dy
D1Db
T1119983
GT2120000
D2Db
T20
Game round: 2
GT1119983
Seebrw
D1Ob
Seerwg
D1Ob
T1119963
GT20
T20
Game round: 3
GT1119963
Seergn
D1Ow
D1Dw
T1119937
GT20
T20
Game round: 4
GT1119937
D1Dg
T10
GIE
GS1M-12
GS1E0
GS1S12
GS1P0
GS1T0
GS1L0
GS2M-14
GS2E0
GS2S12
GS2P0
GS2T-2
GS2L0