f:\year two semester two\c++\tickets to ride\tickettoride-framework-r6\c++\client\windows\project\ttrcppclient\debug\vc120.pdb
f:\year two semester two\c++\tickets to ride\tickettoride-framework-r6\c++\client\windows\project\ttrcppclient\debug\vc120.idb
f:\year two semester two\c++\tickets to ride\tickettoride-framework-r6\c++\client\windows\project\ttrcppclient\debug\ttrdeck.obj
f:\year two semester two\c++\tickets to ride\tickettoride-framework-r6\c++\client\windows\project\ttrcppclient\debug\ttredge.obj
f:\year two semester two\c++\tickets to ride\tickettoride-framework-r6\c++\client\windows\project\ttrcppclient\debug\ttrgenerator.obj
f:\year two semester two\c++\tickets to ride\tickettoride-framework-r6\c++\client\windows\project\ttrcppclient\debug\ttrmap.obj
f:\year two semester two\c++\tickets to ride\tickettoride-framework-r6\c++\client\windows\project\ttrcppclient\debug\ttrmission.obj
f:\year two semester two\c++\tickets to ride\tickettoride-framework-r6\c++\client\windows\project\ttrcppclient\debug\ttrnode.obj
f:\year two semester two\c++\tickets to ride\tickettoride-framework-r6\c++\client\windows\project\ttrcppclient\debug\ttrplayer.obj
f:\year two semester two\c++\tickets to ride\tickettoride-framework-r6\c++\client\windows\project\ttrcppclient\debug\ttrtime.obj
f:\year two semester two\c++\tickets to ride\tickettoride-framework-r6\c++\client\windows\project\ttrcppclient\debug\tinystr.obj
f:\year two semester two\c++\tickets to ride\tickettoride-framework-r6\c++\client\windows\project\ttrcppclient\debug\tinyxml.obj
f:\year two semester two\c++\tickets to ride\tickettoride-framework-r6\c++\client\windows\project\ttrcppclient\debug\tinyxmlerror.obj
f:\year two semester two\c++\tickets to ride\tickettoride-framework-r6\c++\client\windows\project\ttrcppclient\debug\tinyxmlparser.obj
f:\year two semester two\c++\tickets to ride\tickettoride-framework-r6\c++\client\windows\project\ttrcppclient\debug\randomsolution.obj
f:\year two semester two\c++\tickets to ride\tickettoride-framework-r6\c++\client\windows\project\ttrcppclient\debug\arraylist.obj
f:\year two semester two\c++\tickets to ride\tickettoride-framework-r6\c++\client\windows\project\ttrcppclient\debug\mutex.obj
f:\year two semester two\c++\tickets to ride\tickettoride-framework-r6\c++\client\windows\project\ttrcppclient\debug\socket.obj
f:\year two semester two\c++\tickets to ride\tickettoride-framework-r6\c++\client\windows\project\ttrcppclient\debug\string.obj
f:\year two semester two\c++\tickets to ride\tickettoride-framework-r6\c++\client\windows\project\ttrcppclient\debug\thread.obj
f:\year two semester two\c++\tickets to ride\tickettoride-framework-r6\c++\client\windows\project\ttrcppclient\debug\ttrclient.obj
f:\year two semester two\c++\tickets to ride\tickettoride-framework-r6\c++\client\windows\project\ttrcppclient\debug\ttrclientthread.obj
f:\year two semester two\c++\tickets to ride\tickettoride-framework-r6\c++\client\windows\project\ttrcppclient\debug\main.obj
f:\year two semester two\c++\tickets to ride\tickettoride-framework-r6\c++\client\windows\project\ttrcppclient\debug\ttrcard.obj
f:\year two semester two\c++\tickets to ride\tickettoride-framework-r6\c++\client\windows\project\ttrcppclient\debug\ttrcolor.obj
f:\year two semester two\c++\tickets to ride\tickettoride-framework-r6\c++\client\windows\project\ttrcppclient\debug\ttrcppclient.exe.embed.manifest
f:\year two semester two\c++\tickets to ride\tickettoride-framework-r6\c++\client\windows\project\ttrcppclient\debug\ttrcppclient.exe.intermediate.manifest
f:\year two semester two\c++\tickets to ride\tickettoride-framework-r6\c++\client\windows\project\ttrcppclient\debug\ttrcppclient.exe.embed.manifest.res
f:\year two semester two\c++\tickets to ride\tickettoride-framework-r6\c++\client\windows\project\ttrcppclient\debug\vc90.idb
f:\year two semester two\c++\tickets to ride\tickettoride-framework-r6\c++\client\windows\project\ttrcppclient\debug\vc90.pdb
f:\year two semester two\c++\tickets to ride\tickettoride-framework-r6\c++\client\windows\project\ttrcppclient\debug\ttrcppclient.tlog\cl.command.1.tlog
f:\year two semester two\c++\tickets to ride\tickettoride-framework-r6\c++\client\windows\project\ttrcppclient\debug\ttrcppclient.tlog\cl.read.1.tlog
f:\year two semester two\c++\tickets to ride\tickettoride-framework-r6\c++\client\windows\project\ttrcppclient\debug\ttrcppclient.tlog\cl.write.1.tlog
f:\year two semester two\c++\tickets to ride\tickettoride-framework-r6\c++\client\windows\project\ttrcppclient\debug\ttrcppclient.tlog\link-cvtres.read.1.tlog
f:\year two semester two\c++\tickets to ride\tickettoride-framework-r6\c++\client\windows\project\ttrcppclient\debug\ttrcppclient.tlog\link-cvtres.write.1.tlog
f:\year two semester two\c++\tickets to ride\tickettoride-framework-r6\c++\client\windows\project\ttrcppclient\debug\ttrcppclient.tlog\link-rc.read.1.tlog
f:\year two semester two\c++\tickets to ride\tickettoride-framework-r6\c++\client\windows\project\ttrcppclient\debug\ttrcppclient.tlog\link-rc.write.1.tlog
f:\year two semester two\c++\tickets to ride\tickettoride-framework-r6\c++\client\windows\project\ttrcppclient\debug\ttrcppclient.tlog\link.command.1.tlog
f:\year two semester two\c++\tickets to ride\tickettoride-framework-r6\c++\client\windows\project\ttrcppclient\debug\ttrcppclient.tlog\link.read.1.tlog
f:\year two semester two\c++\tickets to ride\tickettoride-framework-r6\c++\client\windows\project\ttrcppclient\debug\ttrcppclient.tlog\link.write.1.tlog
