 3   4   4
 4   3   4
 4  10   4
10   4   4
18  27   4
27  18   4
32  33   4
33  32   4
33  38   4
34  43   4
38  33   4
38  42   4
40  44   4
42  38   4
42  43   4
43  34   4
43  42   4
44  40   4


 0   1   4
 1   0   4
18  26   4
24  37   6
25  38   8
26  18   4
27  34   4
28  34   6
32  38   4
34  27   4
34  28   6
34  35   4
35  34   4
35  40   4
37  24   6
38  25   8
38  32   4
40  35   4


 0   1   4
 1   0   4
 3   4   4
 4   3   4
 4  10   4
10   4   4
18  27   4
27  18   4
27  34   4
34  27   4
34  35   4
34  43   4
35  34   4
35  40   4
40  35   4
40  44   4
42  43   4
43  34   4
43  42   4
44  40   4


19  27   4
24  37   6
25  38   8
27  19   4
28  34   6
29  31   4
31  29   4
32  33   4
32  38   4
33  32   4
33  38   4
34  28   6
37  24   6
38  25   8
38  32   4
38  33   4
38  42   4
42  38   4


 3   4   4
 4   3   4
 8  12   3
12   8   3
18  26   4
18  27   4
26  18   4
27  18   4
28  34   6
32  33   4
32  38   4
33  32   4
34  28   6
35  40   4
38  32   4
38  42   4
40  35   4
40  44   4
42  38   4
42  43   4
43  42   4
44  40   4


 4  10   4
 4  16   4
10   4   4
10  13   3
10  16   4
13  10   3
16   4   4
16  10   4
24  37   6
25  38   8
27  34   4
33  38   4
34  27   4
34  35   4
34  43   4
35  34   4
37  24   6
38  25   8
38  33   4
43  34   4


 3   4   4
 4   3   4
18  19   3
18  27   4
19  18   3
24  37   6
27  18   4
29  31   4
31  29   4
32  33   4
32  38   4
33  32   4
33  38   4
34  43   4
35  40   4
37  24   6
38  32   4
38  33   4
40  35   4
42  43   4
43  34   4
43  42   4


 0   1   4
 1   0   4
 4  10   4
10   4   4
17  25   3
19  27   4
25  17   3
25  38   8
27  19   4
27  34   4
28  34   6
34  27   4
34  28   6
34  35   4
35  34   4
38  25   8
38  42   4
40  44   4
42  38   4
44  40   4


 3   4   4
 4   3   4
11  16   4
16  11   4
18  26   4
19  27   4
24  37   6
26  18   4
27  19   4
27  34   4
28  34   6
33  38   4
34  27   4
34  28   6
34  43   4
37  24   6
38  33   4
40  44   4
43  34   4
44  40   4


 0   1   4
 1   0   4
 4  16   4
10  16   4
16   4   4
16  10   4
18  27   4
25  38   8
27  18   4
32  33   4
32  38   4
33  32   4
34  35   4
35  34   4
38  25   8
38  32   4
38  42   4
42  38   4
42  43   4
43  42   4


 3   4   4
 4   3   4
13  18   3
18  13   3
18  27   4
19  27   4
25  38   8
27  18   4
27  19   4
28  34   6
33  38   4
34  28   6
34  35   4
35  34   4
38  25   8
38  33   4
40  44   4
42  43   4
43  42   4
44  40   4


 0   1   4
 1   0   4
 4  16   4
16   4   4
18  26   4
24  37   6
26  18   4
27  34   4
32  38   4
34  27   4
34  43   4
35  40   4
37  24   6
38  32   4
38  42   4
40  35   4
42  38   4
43  34   4


 0   1   4
 1   0   4
 4  10   4
10   4   4
10  16   4
16  10   4
24  37   6
25  38   8
28  34   6
34  28   6
34  35   4
34  43   4
35  34   4
37  24   6
38  25   8
42  43   4
43  34   4
43  42   4


 3   4   4
 4   3   4
 4  16   4
11  16   4
16   4   4
16  11   4
18  26   4
18  27   4
26  18   4
27  18   4
27  34   4
32  33   4
32  38   4
33  32   4
33  38   4
34  27   4
38  32   4
38  33   4
40  44   4
44  40   4


 0   1   4
 1   0   4
 3   4   4
 4   3   4
 4  16   4
16   4   4
18  26   4
18  27   4
26  18   4
27  18   4
27  34   4
32  38   4
33  38   4
34  27   4
35  40   4
38  32   4
38  33   4
38  42   4
40  35   4
42  38   4


 4  10   4
10   4   4
24  37   6
25  38   8
28  34   6
32  33   4
33  32   4
34  28   6
34  35   4
34  43   4
35  34   4
37  24   6
38  25   8
40  44   4
42  43   4
43  34   4
43  42   4
44  40   4


13  18   3
18  13   3
18  26   4
24  37   6
25  38   8
26  18   4
27  34   4
32  38   4
34  27   4
34  35   4
34  43   4
35  34   4
37  24   6
38  25   8
38  32   4
38  42   4
42  38   4
42  43   4
43  34   4
43  42   4


 0   1   4
 1   0   4
 4  10   4
 4  16   4
10   4   4
16   4   4
18  27   4
19  27   4
27  18   4
27  19   4
28  34   6
30  31   3
31  30   3
32  33   4
33  32   4
33  38   4
34  28   6
35  40   4
38  33   4
40  35   4
40  44   4
44  40   4


 3   4   4
 4   3   4
 4  16   4
10  13   3
13  10   3
16   4   4
24  37   6
25  38   8
33  38   4
34  35   4
34  43   4
35  34   4
35  40   4
37  24   6
38  25   8
38  33   4
38  42   4
40  35   4
42  38   4
43  34   4


 0   1   4
 1   0   4
10  16   4
16  10   4
18  26   4
18  27   4
26  18   4
27  18   4
27  34   4
28  34   6
30  36   3
32  33   4
32  38   4
33  32   4
34  27   4
34  28   6
36  30   3
38  32   4
40  44   4
42  43   4
43  42   4
44  40   4


 0   1   4
 1   0   4
 3   4   4
 4   3   4
 4  10   4
 4  16   4
10   4   4
16   4   4
19  27   4
24  37   6
27  19   4
28  34   6
32  38   4
34  28   6
37  24   6
38  32   4
40  44   4
42  43   4
43  42   4
44  40   4


18  27   4
25  38   8
27  18   4
27  34   4
32  33   4
33  32   4
33  38   4
34  27   4
34  35   4
34  43   4
35  34   4
35  40   4
38  25   8
38  33   4
38  42   4
40  35   4
42  38   4
43  34   4


 3   4   4
 4   3   4
10  16   4
16  10   4
18  26   4
25  38   8
26  18   4
28  34   6
32  33   4
33  32   4
33  38   4
34  28   6
34  35   4
35  34   4
35  40   4
38  25   8
38  33   4
40  35   4


 0   1   4
 1   0   4
 4  16   4
16   4   4
17  25   3
18  27   4
24  37   6
25  17   3
27  18   4
27  34   4
32  38   4
34  27   4
34  43   4
37  24   6
38  32   4
38  42   4
40  44   4
42  38   4
42  43   4
43  34   4
43  42   4
44  40   4


 4  10   4
10   4   4
18  26   4
24  37   6
25  38   8
26  18   4
27  34   4
28  34   6
34  27   4
34  28   6
35  40   4
37  24   6
38  25   8
40  35   4
40  44   4
42  43   4
43  42   4
44  40   4


 3   4   4
 4   3   4
 4  16   4
16   4   4
18  27   4
19  27   4
27  18   4
27  19   4
32  33   4
32  38   4
33  32   4
33  38   4
34  35   4
34  43   4
35  34   4
38  32   4
38  33   4
38  42   4
42  38   4
43  34   4


 3   4   4
 4   3   4
 4  10   4
10   4   4
18  26   4
18  27   4
19  27   4
25  38   8
26  18   4
27  18   4
27  19   4
27  34   4
32  33   4
32  38   4
33  32   4
33  38   4
34  27   4
38  25   8
38  32   4
38  33   4


 0   1   4
 1   0   4
10  16   4
11  16   4
16  10   4
16  11   4
24  37   6
28  34   6
34  28   6
34  35   4
34  43   4
35  34   4
37  24   6
38  42   4
40  44   4
42  38   4
42  43   4
43  34   4
43  42   4
44  40   4


 0   1   4
 1   0   4
 3   4   4
 4   3   4
11  16   4
16  11   4
18  26   4
19  27   4
26  18   4
27  19   4
32  38   4
33  38   4
35  40   4
38  32   4
38  33   4
38  42   4
40  35   4
40  44   4
42  38   4
42  43   4
43  42   4
44  40   4


 4  16   4
10  16   4
16   4   4
16  10   4
24  37   6
25  38   8
27  34   4
28  34   6
34  27   4
34  28   6
34  35   4
34  43   4
35  34   4
37  24   6
38  25   8
43  34   4


 3   4   4
 4   3   4
 4  10   4
 8  12   3
10   4   4
12   8   3
24  37   6
27  34   4
32  33   4
32  38   4
33  32   4
33  38   4
34  27   4
34  43   4
35  40   4
37  24   6
38  32   4
38  33   4
40  35   4
40  44   4
43  34   4
44  40   4


 0   1   4
 1   0   4
 4  16   4
16   4   4
19  27   4
25  38   8
27  19   4
28  34   6
29  31   4
31  29   4
34  28   6
38  25   8
38  42   4
42  38   4
42  43   4
43  42   4


 0   1   4
 1   0   4
24  37   6
25  38   8
28  34   6
32  33   4
33  32   4
34  28   6
34  35   4
34  43   4
35  34   4
35  40   4
37  24   6
38  25   8
40  35   4
43  34   4


 3   4   4
 4   3   4
 4  16   4
10  16   4
16   4   4
16  10   4
18  26   4
18  27   4
26  18   4
27  18   4
27  34   4
32  38   4
33  38   4
34  27   4
38  32   4
38  33   4
38  42   4
40  44   4
42  38   4
42  43   4
43  42   4
44  40   4


 3   4   4
 4   3   4
24  37   6
25  38   8
28  34   6
32  33   4
33  32   4
34  28   6
34  35   4
34  43   4
35  34   4
37  24   6
38  25   8
38  42   4
42  38   4
42  43   4
43  34   4
43  42   4


 0   1   4
 1   0   4
 4  16   4
16   4   4
18  26   4
19  27   4
26  18   4
27  19   4
27  34   4
32  38   4
33  38   4
34  27   4
38  32   4
38  33   4
40  44   4
44  40   4


 4  16   4
10  16   4
16   4   4
16  10   4
19  27   4
24  37   6
25  38   8
27  19   4
28  34   6
32  33   4
33  32   4
34  28   6
34  35   4
35  34   4
37  24   6
38  25   8
42  43   4
43  42   4


 0   1   4
 1   0   4
 3   4   4
 4   3   4
18  26   4
18  27   4
26  18   4
27  18   4
27  34   4
32  38   4
33  38   4
34  27   4
34  43   4
38  32   4
38  33   4
40  44   4
43  34   4
44  40   4


 3   4   4
 4   3   4
 4  10   4
 4  16   4
10   4   4
16   4   4
18  27   4
27  18   4
27  34   4
32  33   4
32  38   4
33  32   4
34  27   4
34  35   4
35  34   4
35  40   4
38  32   4
38  42   4
40  35   4
42  38   4
42  43   4
43  42   4


 0   1   4
 1   0   4
18  26   4
19  27   4
24  37   6
25  38   8
26  18   4
27  19   4
28  34   6
33  38   4
34  28   6
34  43   4
37  24   6
38  25   8
38  33   4
40  44   4
43  34   4
44  40   4








24  37   6
25  38   8
27  34   4
28  34   6
32  38   4
33  38   4
34  27   4
34  28   6
34  43   4
37  24   6
38  25   8
38  32   4
38  33   4
38  42   4
42  38   4
42  43   4
43  34   4
43  42   4


