Log started: 2/16/2011  8:12:57 PM

2/16/2011  8:12:57 PM: 2000
---------------------------------------------

2/16/2011  8:17:35 PM: 2000
---------------------------------------------

2/16/2011  9:23:35 PM: 2000
---------------------------------------------

2/16/2011  10:37:14 PM: 2000
---------------------------------------------

2/16/2011  10:37:44 PM: 2000
---------------------------------------------

2/16/2011  10:39:18 PM: 2000
---------------------------------------------

2/16/2011  10:55:09 PM: 2000
---------------------------------------------

2/16/2011  10:59:15 PM: 2000
---------------------------------------------

2/16/2011  11:00:35 PM: 2000
---------------------------------------------

2/16/2011  11:01:43 PM: 2000
---------------------------------------------

2/16/2011  11:02:13 PM: 2000
---------------------------------------------

2/16/2011  11:02:47 PM: 2000
---------------------------------------------

2/16/2011  11:03:47 PM: 2000
---------------------------------------------

2/16/2011  11:06:14 PM: 2000
---------------------------------------------

2/16/2011  11:06:53 PM: 2000
---------------------------------------------

2/16/2011  11:10:00 PM: 2000
---------------------------------------------

2/16/2011  11:10:35 PM: 2000
---------------------------------------------

2/16/2011  11:12:03 PM: 2000
---------------------------------------------

2/16/2011  11:14:14 PM: 2000
---------------------------------------------

19-Oct-15  11:52:53 AM: 12000
---------------------------------------------

29/10/2015  11:43:49 a.m.: 12000
---------------------------------------------

2/11/2015  4:08:45 p.m.: 5000
---------------------------------------------
