Log started: 2/16/2011  8:17:36 PM

2/16/2011  8:17:36 PM: Cars: 9  got: 09
---------------------------------------------

2/16/2011  8:17:36 PM: Engines: 0  got: 00
---------------------------------------------

2/16/2011  8:17:36 PM: j: 0
---------------------------------------------

2/16/2011  10:37:14 PM: Cars: 7  got: 07
---------------------------------------------

2/16/2011  10:37:14 PM: Engines: 3  got: 03
---------------------------------------------

2/16/2011  10:37:14 PM: j: 0
---------------------------------------------

2/16/2011  10:37:15 PM: Cars: 7  got: 07
---------------------------------------------

2/16/2011  10:37:15 PM: Engines: 0  got: 00
---------------------------------------------

2/16/2011  10:37:15 PM: j: 0
---------------------------------------------

2/16/2011  10:37:45 PM: Cars: 8  got: 08
---------------------------------------------

2/16/2011  10:37:45 PM: Engines: 1  got: 01
---------------------------------------------

2/16/2011  10:37:45 PM: j: 0
---------------------------------------------

2/16/2011  10:37:45 PM: Cars: 7  got: 07
---------------------------------------------

2/16/2011  10:37:45 PM: Engines: 0  got: 00
---------------------------------------------

2/16/2011  10:37:45 PM: j: 0
---------------------------------------------

2/16/2011  10:59:16 PM: Cars: 6  got: 06
---------------------------------------------

2/16/2011  10:59:16 PM: Engines: 1  got: 01
---------------------------------------------

2/16/2011  10:59:16 PM: j: 0
---------------------------------------------

2/16/2011  11:00:35 PM: Cars: 9  got: 09
---------------------------------------------

2/16/2011  11:00:35 PM: Engines: 0  got: 00
---------------------------------------------

2/16/2011  11:00:35 PM: j: 0
---------------------------------------------

2/16/2011  11:02:47 PM: Cars: 7  got: 07
---------------------------------------------

2/16/2011  11:02:47 PM: Engines: 3  got: 03
---------------------------------------------

2/16/2011  11:02:47 PM: j: 0
---------------------------------------------

2/16/2011  11:02:48 PM: Cars: 7  got: 07
---------------------------------------------

2/16/2011  11:02:48 PM: Engines: 0  got: 00
---------------------------------------------

2/16/2011  11:02:48 PM: j: 0
---------------------------------------------

2/16/2011  11:06:15 PM: Cars: 7  got: 07
---------------------------------------------

2/16/2011  11:06:15 PM: Engines: 2  got: 02
---------------------------------------------

2/16/2011  11:06:15 PM: j: 0
---------------------------------------------

2/16/2011  11:06:15 PM: Cars: 7  got: 07
---------------------------------------------

2/16/2011  11:06:15 PM: Engines: 0  got: 00
---------------------------------------------

2/16/2011  11:06:15 PM: j: 0
---------------------------------------------

2/16/2011  11:10:35 PM: Cars: 8  got: 08
---------------------------------------------

2/16/2011  11:10:35 PM: Engines: 1  got: 01
---------------------------------------------

2/16/2011  11:10:35 PM: j: 0
---------------------------------------------

2/16/2011  11:12:04 PM: Cars: 7  got: 07
---------------------------------------------

2/16/2011  11:12:04 PM: Engines: 2  got: 02
---------------------------------------------

2/16/2011  11:12:04 PM: j: 0
---------------------------------------------

2/16/2011  11:12:04 PM: Cars: 7  got: 07
---------------------------------------------

2/16/2011  11:12:04 PM: Engines: 0  got: 00
---------------------------------------------

2/16/2011  11:12:04 PM: j: 0
---------------------------------------------

2/16/2011  11:14:15 PM: Cars: 7  got: 07
---------------------------------------------

2/16/2011  11:14:15 PM: Engines: 0  got: 00
---------------------------------------------

2/16/2011  11:14:15 PM: j: 0
---------------------------------------------

19-Oct-15  11:52:53 AM: Cars: 7  got: 07
---------------------------------------------

19-Oct-15  11:52:53 AM: Engines: 0  got: 00
---------------------------------------------

19-Oct-15  11:52:53 AM: j: 0
---------------------------------------------

2/11/2015  4:09:19 p.m.: Cars: 6  got: 06
---------------------------------------------

2/11/2015  4:09:19 p.m.: Engines: 1  got: 01
---------------------------------------------

2/11/2015  4:09:19 p.m.: j: 0
---------------------------------------------
