Game 13 log started: 2/16/2011  11:06:49 PM

GMeurope.xml

GI013START

GP21

D1Dn

D1Do

D1Dw

D1De

Syeeor

D1M062620

D1M283005313311101908

D2Dg

D2Do

D2De

D2Dy

D2M244220

D2M011910183508251911

E062620313311

E12

E244220251911

E22

Game round: 1

GT12000

Syeerg

D1Oo

D1Db

T11992

GT22000

Soweey

D2Oy

Soweeo

D2Oy

T21992

Game round: 2

GT11992

Snpbyg

D1Oo

Snpygg

D1Ob

T11985

GT21992

Snpggg

D2Oy

Snpggw

D2Og

T21984

Game round: 3

GT11985

Snpggp

D1Ow

Spggpe

D1On

T11977

GT21984

Spgpep

D2Og

Sppepb

D2Og

T21976

Game round: 4

GT11977

Sppepe

D1Ob

D1Dp

T11968

GT21976

D2Db

D2Dg

T21967

Game round: 5

GT11968

Spepeo

D1Op

Spepep

D1Oo

T11959

GT21967

D2Dr

D2Dr

T21960

Game round: 6

GT11959

Sepepn

D1Op

Seepnn

D1Op

T11950

GT21960

D2Db

D2Dr

T21952

Game round: 7

GT11950

Seennr

D1Op

Seenry

D1On

T11941

GT21952

Seenrn

D2Oy

Seenno

D2Or

T21943

Game round: 8

GT11941

Seenng

D1Oo

Seengb

D1On

T11932

GT21943

Seenbg

D2Og

Seenbo

D2Og

T21935

Game round: 9

GT11932

Seenbr

D1Oo

Seebrb

D1On

T11923

GT21935

Seebbg

D2Or

Seebbw

D2Og

T21928

Game round: 10

GT11923

Seebwp

D1Ob

Seebwy

D1Op

T11914

GT21928

Seebwo

D2Oy

Seewor

D2Ob

T21920

Game round: 11

GT11914

Seewro

D1Oo

Seewry

D1Oo

T11905

GT21920

Seewry

D2Oy

Seewrg

D2Oy

T21912

Game round: 12

GT11905

Seergp

D1Ow

Seergb

D1Op

T11896

GT21912

Seerbw

D2Og

Seebwy

D2Or

T21905

Game round: 13

GT11896

Seewyy

D1Ob

Spnryb

D1Ow

T11888

GT21905

C2T2538g0800

C2D0wwb

C2C2538g0800

T21903

Game round: 14

GT11888

Snrybn

D1Op

Snrynp

D1Ob

T11880

GT21903

C2T2834y0600

C2D0ngw

C2C2834y0600

T21902

Game round: 15

GT11880

Snrynr

D1Op

Srynrw

D1On

T11873

GT21902

D2Dn

D2Dw

T21900

Game round: 16

GT11873

D1Dp

D1Dw

T11866

GT21900

D2De

D2Dy

T21898

Game round: 17

GT11866

D1Dp

D1Dw

T11864

GT21898

C2C2437r0402

T21897

Game round: 18

GT11864

D1Dg

D1De

T11862

GT21897

Srnrwb

D2Oy

Srnrwp

D2Ob

T21890

Game round: 19

GT11862

C1C4243p0400

T11858

GT21890

C2C4334b0400

T21887

Game round: 20

GT11858

C1C3832o0400

T11854

GT21887

C2C3427y0400

T21881

Game round: 21

GT11854

C1C0403p0400

T11846

GT21881

Snrwpn

D2Or

Snwpne

D2Or

T21873

Game round: 22

GT11846

C1C3842w0400

T11845

GT21873

C2C0416r0400

T21866

Game round: 23

GT11845

C1C3833b0400

T11841

GT21866

Snpneb

D2Ow

Spnebr

D2On

T21859

Game round: 24

GT11841

C1C4044n0400

T11836

GT21859

Spebrr

D2On

D2Dn

T21851

Game round: 25

GT11836

C1C0001o0400

T11700

GT21851

C2C3435n0400

T21843

Game round: 26

GT11700

Sebrro

D1Op

Serror

D1Ob

T11693

GT21843

Serrro

D2Oo

Serrrn

D2Oo

T21835

Game round: 27

GT11693

C1C2618p0400

T11681

GT21835

D2Dy

D2Dp

T21827

Game round: 28

GT11681

Serrrw

D1On

Serrrp

D1Ow

T11674

GT21827

Serrrb

D2Op

D2De

T21819

Game round: 29

GT11674

Serrrn

D1Ob

Serrry

D1On

T11666

GT21819

Serrro

D2Oy

Serrrr

D2Oo

T21812

Game round: 30

GT11666

C1C2719b0400

T11659

GT21812

C2C1016o0400

T21800

Game round: 31

GT11659

C1C1116n0400

T11649

GT21800

D2Dw

D2Dp

T21792

Game round: 32

GT11649

D1Db

D1Dn

T11641

GT21792

D2Dn

D2Dy

T21785

Game round: 33

GT11641

D1Dy

D1Dp

T11634

GT21785

D2Db

D2Dg

T21777

Game round: 34

GT11634

D1De

D1Dw

T11626

GT21777

D2Dr

Serrrr

D2Or

T21770

Game round: 35

GT11626

C1C3540w0400

GIL

T11618

GT21770

Serrrn

D2Or

Serrng

D2Or

T21761

Game round: 36

GT11618

Serrnb

D1Og

Serrny

D1Ob

T11612

GIE

GS1M-13

GS1E77

GS1S12

GS1P10

GS1T86

GS2M-18

GS2E86

GS2S12

GS2P0

GS2T80
