Game 1 log started: 2/11/2015  4:08:42 p.m.

GMeurope.xml

GI001START

GP21

D1Dn

D1Dg

D1Dr

D1Dg

Spopyb

D1M174621

D1M001007283005011910

D2Dn

D2Dy

D2De

D2Dp

D2M062620

D2M313311213610251911

E001007

E11

E062620251911

E22

Game round: 1

GT15000

D1Do

D1Dr

T14998

GT25000

Sopybn

D2Op

Soybnw

D2Op

T24996

Game round: 2

GT14998

D1M223708031607243608

T10

GT24996

Sobnwo

D2Oy

Sobwon

D2On

T24992

Game round: 3

GT10

T10

GT24992

Sobwob

D2On

D2De

T24984

Game round: 4

GT10

T10

GT24984

D2Do

Sbwobe

D2Oo

T24979

Game round: 5

GT10

T10

GT24979

Sbwbew

D2Oo

D2Dg

T24976

Game round: 6

GT10

T10

GT24976

D2Dn

D2Dr

T24971

Game round: 7

GT10

T10

GT24971

D2De

D2Dg

T24963

Game round: 8

GT10

T10

GT24963

D2Dg

D2Db

T24960

Game round: 9

GT10

T10

GT24960

Swbewy

D2Ob

Swewyy

D2Ob

T24957

Game round: 10

GT10

T10

GT24957

Swewyn

D2Oy

Swewyo

D2On

T24947

Game round: 11

GT10

T10

GT24947

Swewob

D2Oy

Swewor

D2Ob

T24945

Game round: 12

GT10

T10

GT24945

Swewrg

D2Oo

Swewrg

D2Og

T24942

Game round: 13

GT10

T10

GT24942

Swewrw

D2Og

Swewwe

D2Or

T24936

Game round: 14

GT10

T10

GT24936

D2Dp

D2Dr

T24932

Game round: 15

GT10

T10

GT24932

D2Dp

D2Dw

T24930

Game round: 16

GT10

T10

GT24930

Sewwer

D2Ow

Sewwer

D2Or

T24925

Game round: 17

GT10

T10

GT24925

Sewwey

D2Or

Sewweo

D2Oy

T24920

Game round: 18

GT10

T10

GT24920

Sewwey

D2Oo

Sewwep

D2Oy

T24916

Game round: 19

GT10

T10

GT24916

Sreyyp

D2Op

Sreyyy

D2Op

T24903

Game round: 20

GT10

T10

GT24903

C2T2538p0701

C2D0rbg

C2C2538p0701

T24878

Game round: 21

GT10

T10

GT24878

C2T2834y0600

C2D1poe

C2C2834y0601

T24874

Game round: 22

GT10

T10

GT24874

Sryyyn

D2Oe

T24873

Game round: 23

GT10

T10

GT24873

C2C2437o0402

T24872

Game round: 24

GT10

T10

GT24872

C2C4243r0400

T24866

Game round: 25

GT10

T10

GT24866

C2C4334g0400

T24852

Game round: 26

GT10

T10

GT24852

C2C3832n0400

T24820

Game round: 27

GT10

T10

GT24820

C2C3833b0400

T24774

Game round: 28

GT10

T10

GT24774

Syyynw

D2Or

Syyynn

D2Ow

T24770

Game round: 29

GT10

T10

GT24770

Syyyno

D2On

Syyyoe

D2On

T24766

Game round: 30

GT10

T10

GT24766

Syyyen

D2Oo

Syyyew

D2On

T24763

Game round: 31

GT10

T10

GT24763

C2C3427n0400

T24716

Game round: 32

GT10

T10

GT24716

Syyyey

D2Ow

D2Db

T24714

Game round: 33

GT10

T10

GT24714

C2C3842w0400

GIL

T24712

Game round: 34

GT10

T10

GT24712

D2Db

D2De

T24708

GIE

GS1M-59

GS1E0

GS1S12

GS1P0

GS1T-47

GS2M-21

GS2E93

GS2S12

GS2P10

GS2T94
