Game 16 log started: 2/16/2011  11:11:59 PM

GMeurope.xml

GI016START

GP21

D1Dy

D1Dy

D1De

D1De

Speewp

D1M033820

D1M152806101908202306

D2Dg

D2Dy

D2Dn

D2Dg

D2M244220

D2M031607223708083312

E033820101908

E12

E244220083312

E22

Game round: 1

GT12000

D1De

D1Dn

T11992

GT22000

D2Dr

D2Dg

T21993

Game round: 2

GT11992

D1Dw

Speepn

D1Ow

T11984

GT21993

Speepg

D2On

Speepn

D2Og

T21985

Game round: 3

GT11984

Speepw

D1On

Speepn

D1Ow

T11977

GT21985

Speepy

D2On

Speepg

D2Oy

T21978

Game round: 4

GT11977

D1Dg

Speepn

D1Og

T11969

GT21978

Speepb

D2On

D2Dy

T21971

Game round: 5

GT11969

D1Dp

Seepby

D1Op

T11961

GT21971

Seepbr

D2Oy

Seepbg

D2Or

T21962

Game round: 6

GT11961

Seebgo

D1Op

Seebog

D1Og

T11954

GT21962

Seeboy

D2Og

Seebog

D2Oy

T21954

Game round: 7

GT11954

Seebop

D1Og

Seebog

D1Op

T11945

GT21954

Seebon

D2Og

Seebon

D2On

T21947

Game round: 8

GT11945

Seebor

D1On

D1Dw

T11937

GT21947

Seebow

D2Or

D2Dp

T21940

Game round: 9

GT11937

Seebob

D1Ow

D1Dr

T11929

GT21940

D2Do

Srorob

D2Oo

T21932

Game round: 10

GT11929

Sorobo

D1Or

Sooboe

D1Or

T11921

GT21932

Soboee

D2Oo

Sboeey

D2Oo

T21925

Game round: 11

GT11921

Sboeeo

D1Oy

D1Do

T11910

GT21925

Spboyp

D2Oo

Spbopn

D2Oy

T21917

Game round: 12

GT11910

Sbopnb

D1Op

Sbonbg

D1Op

T11902

GT21917

Sbonbo

D2Og

Sbnboo

D2Oo

T21909

Game round: 13

GT11902

Sbbooy

D1On

Sbbooy

D1Oy

T11893

GT21909

Sbbooy

D2Oy

Sbboon

D2Oy

T21900

Game round: 14

GT11893

Sbboob

D1On

Sbbobw

D1Oo

T11885

GT21900

Sbbbwb

D2Oo

D2Db

T21892

Game round: 15

GT11885

Sbbbbb

D1Ow

D1Dp

T11878

GT21892

Sbbbbb

D2Ob

Sbbbbr

D2Ob

T21884

Game round: 16

GT11878

C1T2538p0701

C1D1opw

C1C2538p0702

T11876

GT21884

Sbbbre

D2Ob

Sbbrew

D2Ob

T21876

Game round: 17

GT11876

Sbbree

D1Ow

Sbbeeb

D1Or

T11870

GT21876

Sbeebr

D2Ob

Seebrr

D2Ob

T21869

Game round: 18

GT11870

C1T2834w0600

C1D1epr

C1C2834w0700

T11868

GT21869

Seerrp

D2Ob

Seerpn

D2Or

T21861

Game round: 19

GT11868

Serpne

D1Oe

T11867

GT21861

Serpep

D2On

Sepepn

D2Or

T21854

Game round: 20

GT11867

C1C2437n0402

T11866

GT21854

Sepepw

D2On

Seepwr

D2Op

T21847

Game round: 21

GT11866

C1C4243y0400

T11865

GT21847

Seepwr

D2Or

Seepww

D2Or

T21838

Game round: 22

GT11865

C1C4334r0400

T11863

GT21838

Seewww

D2Op

D2Dw

T21831

Game round: 23

GT11863

C1C3332g0400

T11858

GT21831

Seewwg

D2Ow

Seewwo

D2Og

T21824

Game round: 24

GT11858

Seewwb

D1Oo

D1De

T11851

GT21824

Seeww0

D2Ob

Seew00

D2Ow

Seewge

T21816

Game round: 25

GT11851

D1Dg

Sgeppo

D1Og

T11843

GT21816

Seppow

D2Og

Seppwp

D2Oo

T21808

Game round: 26

GT11843

D1De

D1Dy

T11835

GT21808

Sepwpe

D2Op

Sewpey

D2Op

T21799

Game round: 27

GT11835

Sewper

D1Oy

D1Dw

T11828

GT21799

Sewpeb

D2Or

Swwwen

D2Ob

T21792

Game round: 28

GT11828

Swwenw

D1Ow

Swenwe

D1Ow

T11822

GT21792

Swnwer

D2Oe

T21785

Game round: 29

GT11822

Snwerp

D1Ow

Snerpw

D1Ow

T11814

GT21785

Snrpwr

D2Oe

T21784

Game round: 30

GT11814

C1C3842w0400

T11813

GT21784

C2C3833b0400

T21779

Game round: 31

GT11813

Snrprp

D1Ow

Srprpn

D1On

T11807

GT21779

C2C3832g0400

T21774

Game round: 32

GT11807

Srprpp

D1On

D1De

T11799

GT21774

C2C3427y0400

T21768

Game round: 33

GT11799

D1Db

D1Dp

T11791

GT21768

C2C0001o0400

T21763

Game round: 34

GT11791

Srrppg

D1Op

Srrpgn

D1Op

T11784

GT21763

C2C0416r0400

T21756

Game round: 35

GT11784

Srrgne

D1Op

Srrger

D1On

T11777

GT21756

C2C4044n0400

T21750

Game round: 36

GT11777

C1C0403p0400

T11765

GT21750

C2C2719b0400

T21742

Game round: 37

GT11765

C1C3435n0400

GIL

T11757

GT21742

C2C2618p0400

T21733

Game round: 38

GT11757

Srrern

D1Og

D1Db

T11751

GIE

GS1M-12

GS1E93

GS1S12

GS1P10

GS1T103

GS2M-15

GS2E56

GS2S12

GS2P0

GS2T53
