Game 15 log started: 2/16/2011  11:10:31 PM

GMeurope.xml

GI015START

GP21

D1Db

D1Db

D1De

D1Do

Spwryy

D1M174621

D1M344508152306202306

D2De

D2Dy

D2De

D2Db

D2M003121

D2M101908123410444605

E174621344508

E12

E003121123410

E22

Game round: 1

GT12000

D1De

D1Do

T11990

GT22000

Spwryb

D2Oy

Spwrbg

D2Oy

T21990

Game round: 2

GT11990

Spwrgp

D1Ob

D1Dr

T11981

GT21990

D2Dy

D2Dp

T21982

Game round: 3

GT11981

Spwgpn

D1Or

D1Dg

T11973

GT21982

Swgpnn

D2Op

Swgnnb

D2Op

T21974

Game round: 4

GT11973

Swgnnp

D1Ob

Swnnpw

D1Og

T11964

GT21974

Swnnwg

D2Op

D2Dr

T21966

Game round: 5

GT11964

Swnnwb

D1Og

Swnnwg

D1Ob

T11955

GT21966

D2Dw

Snnwgg

D2Ow

T21958

Game round: 6

GT11955

Snnwgo

D1Og

Snnwoy

D1Og

T11947

GT21958

Snnwoo

D2Oy

Snnoog

D2Ow

T21950

Game round: 7

GT11947

Snnoog

D1Og

Snnoor

D1Og

T11939

GT21950

Snnooe

D2Or

D2Dn

T21942

Game round: 8

GT11939

Snnoeg

D1Oo

Snnoeb

D1Og

T11930

GT21942

Snnoep

D2Ob

Snnoeo

D2Op

T21934

Game round: 9

GT11930

C1T2538g0800

C1D1rpe

C1C2538g0801

T11928

GT21934

Snoeoo

D2On

Soeoor

D2On

T21927

Game round: 10

GT11928

Seoorn

D1Oo

Seornn

D1Oo

T11921

GT21927

Seornw

D2On

Seorww

D2On

T21918

Game round: 11

GT11921

Serwwn

D1Oo

Sewwno

D1Or

T11914

GT21918

Sewwoy

D2On

Sewwor

D2Oy

T21911

Game round: 12

GT11914

Sewwrr

D1Oo

Sewwro

D1Or

T11905

GT21911

Sewroo

D2Ow

Seroob

D2Ow

T21903

Game round: 13

GT11905

C1T2834o0600

C1D0brw

C1C2834o0600

T11904

GT21903

Seroob

D2Ob

Serooo

D2Ob

T21896

Game round: 14

GT11904

Sroooy

D1Oe

T11903

GT21896

Sroooy

D2Oy

Srooow

D2Oy

T21889

Game round: 15

GT11903

C1C2437b0402

T11902

GT21889

C2C4243y0400

T21880

Game round: 16

GT11902

C1C4334r0400

T11899

GT21880

C2C3832n0400

T21876

Game round: 17

GT11899

Sroown

D1Oo

Srowny

D1Oo

T11892

GT21876

C2C3427p0400

T21871

Game round: 18

GT11892

Srwnyr

D1Oo

D1Dy

T11885

GT21871

C2C3842w0400

T21869

Game round: 19

GT11885

C1C0001o0400

T11878

GT21869

C2C3833b0400

T21865

Game round: 20

GT11878

Srwnrg

D1Oy

D1Db

T11869

GT21865

C2C2718y0400

T21858

Game round: 21

GT11869

D1Dw

Srnrgg

D1Ow

T11861

GT21858

Snrggg

D2Or

Sngggp

D2Or

T21851

Game round: 22

GT11861

D1De

D1De

T11854

GT21851

C2C0416r0400

T21845

Game round: 23

GT11854

D1Dp

Sngggn

D1Op

T11846

GT21845

Sgggny

D2On

Sgggyn

D2On

T21838

Game round: 24

GT11846

Sgggny

D1Oy

Sgggne

D1Oy

T11838

GT21838

C2C4044n0400

T21832

Game round: 25

GT11838

C1C3435y0400

T11826

GT21832

D2Dn

Sggger

D2On

T21825

Game round: 26

GT11826

D1Dp

D1Dw

T11818

GT21825

D2Dw

D2De

T21817

Game round: 27

GT11818

D1De

D1De

T11810

GT21817

D2Dw

D2De

T21810

Game round: 28

GT11810

D1Dg

Sggero

D1Og

T11802

GT21810

D2De

D2Dn

T21803

Game round: 29

GT11802

Sgeron

D1Og

Seronr

D1Og

T11795

GT21803

Serorb

D2On

D2Dp

T21795

Game round: 30

GT11795

C1C3332g0400

T11791

GT21795

C2C2618n0400

T21786

Game round: 31

GT11791

Serorw

D1Ob

Seroro

D1Ow

T11783

GT21786

D2Dp

D2Dp

T21778

Game round: 32

GT11783

C1C3540w0400

T11774

GT21778

C2C0403p0400

T21772

Game round: 33

GT11774

D1Dy

D1Dn

T11766

GT21772

D2Dg

D2Db

T21764

Game round: 34

GT11766

D1Dw

D1Dw

T11759

GT21764

D2Dy

D2Dr

T21757

Game round: 35

GT11759

D1Dn

D1Dy

T11752

GT21757

Seorow

D2Or

Seoroo

D2Ow

T21750

Game round: 36

GT11752

D1Dr

Seoooy

D1Or

T11744

GT21750

C2C1016w0400

GIL

T21736

Game round: 37

GT11744

Seooor

D1Oy

Seooon

D1Or

T11738

GT21736

D2Dn

Seoooe

D2On

T21729

GIE

GS1M-12

GS1E86

GS1S12

GS1P10

GS1T96

GS2M-13

GS2E77

GS2S12

GS2P0

GS2T76
