Game 14 log started: 2/16/2011  11:09:56 PM

GMeurope.xml

GI014START

GP21

D1Db

D1Dg

D1Dp

D1Dw

Sygbrg

D1M244220

D1M314105251911414310

D2Dy

D2De

D2Dn

D2Dn

D2M062620

D2M011910294008152306

E244220251911

E12

E062620011910

E22

Game round: 1

GT12000

Sygrgg

D1Ob

Syrggo

D1Og

T11993

GT22000

Srggog

D2Oy

D2De

T21989

Game round: 2

GT11993

Srgogy

D1Og

Srogyp

D1Og

T11987

GT21989

Srogpw

D2Oy

D2Dw

T21981

Game round: 3

GT11987

Sropwn

D1Og

Srowno

D1Op

T11980

GT21981

Srowor

D2On

Sroorn

D2Ow

T21972

Game round: 4

GT11980

D1Do

Srornn

D1Oo

T11972

GT21972

Srorno

D2On

Srorob

D2On

T21964

Game round: 5

GT11972

Srorop

D1Ob

Srorog

D1Op

T11965

GT21964

D2Dg

Sroror

D2Og

T21956

Game round: 6

GT11965

Srroro

D1Oo

Srrrop

D1Oo

T11958

GT21956

D2De

D2De

T21946

Game round: 7

GT11958

Srrrpp

D1Oo

Srrrpe

D1Op

T11952

GT21946

D2De

D2Dy

T21937

Game round: 8

GT11952

Srrree

D1Op

D1De

T11946

GT21937

C2T2538n0503

C2D0rrr

C2C2538n0503

T21935

Game round: 9

GT11946

D1Dw

D1De

T11938

GT21935

D2Dr

Srreey

D2Or

T21926

Game round: 10

GT11938

D1Dn

D1Dn

T11930

GT21926

Srreey

D2Oy

Srreen

D2Oy

T21917

Game round: 11

GT11930

Srreeo

D1On

Srreeg

D1Oo

T11925

GT21917

C2T2834y0600

C2D0wwp

C2C2834y0600

T21916

Game round: 12

GT11925

Srreey

D1Og

D1Db

T11918

GT21916

Sreeyw

D2Or

Seeywo

D2Or

T21904

Game round: 13

GT11918

Seeywb

D1Oo

Seeywb

D1Ob

T11910

GT21904

C2C4243r0400

T21903

Game round: 14

GT11910

Seeywp

D1Ob

Seeywn

D1Op

T11903

GT21903

Seeynn

D2Ow

D2De

T21896

Game round: 15

GT11903

Seeynb

D1On

Seeyno

D1Ob

T11897

GT21896

D2Dw

D2Dr

T21887

Game round: 16

GT11897

Seeyng

D1Oo

Seeynw

D1Og

T11890

GT21887

C2C3842w0400

T21886

Game round: 17

GT11890

C1C2437o0402

T11883

GT21886

D2Db

D2De

T21878

Game round: 18

GT11883

C1C4334b0400

T11881

GT21878

D2Dn

Seeywr

D2On

T21870

Game round: 19

GT11881

C1C3332g0400

T11876

GT21870

Seeywo

D2Or

D2Db

T21862

Game round: 20

GT11876

C1C3832p0400

T11873

GT21862

D2Db

D2Dr

T21854

Game round: 21

GT11873

C1C3427o0400

T11868

GT21854

D2De

D2Dr

T21810

Game round: 22

GT11868

C1C4044n0400

T11859

GT21810

C2C0416r0400

T21801

Game round: 23

GT11859

Seeyog

D1Ow

Seeyow

D1Og

T11852

GT21801

D2Dr

D2Do

T21794

Game round: 24

GT11852

C1C1004g0400

T11846

GT21794

Seeywy

D2Oo

D2Dp

T21787

Game round: 25

GT11846

Seeyyb

D1Ow

Seeyyo

D1Ob

T11839

GT21787

Seeyyo

D2Oo

Seeyyw

D2Oo

T21778

Game round: 26

GT11839

C1C3540w0400

T11832

GT21778

C2C0001o0400

T21769

Game round: 27

GT11832

C1C3833b0400

T11829

GT21769

D2Dn

D2Dp

T21760

Game round: 28

GT11829

D1Dy

Sypgyb

D1Oy

T11821

GT21760

Sypgyp

D2Ob

Sygypg

D2Op

T21750

Game round: 29

GT11821

Sygygp

D1Op

Sygygw

D1Op

T11814

GT21750

C2C2719b0400

T21741

Game round: 30

GT11814

C1C0403p0400

T11808

GT21741

Syygwe

D2Og

Syywey

D2Og

T21733

Game round: 31

GT11808

Sywey0

D1Oy

Swey00

D1Oy

Sweybo

T11802

GT21733

C2C2931g0400

T21721

Game round: 32

GT11802

C1C0812y0300

GIL

T11786

GT21721

D2Dy

Swebop

D2Oy

T21713

Game round: 33

GT11786

D1Dy

D1Dn

T11778

GIE

GS1M-15

GS1E82

GS1S12

GS1P0

GS1T79

GS2M-14

GS2E78

GS2S12

GS2P10

GS2T86
