Game 1 log started: 19-Oct-15  11:52:50 AM

GMeurope.xml

GI001START

GP21

D1Do

D1Dp

D1Dw

D1Dp

Syyper

D1M033820

D1M152806152306083312

D2Dy

D2Dn

D2Db

D2Dp

D2M062620

D2M011807444605101908

E033820083312

E12

E062620101908

E22

Game round: 1

GT112000

Syyere

D1Op

D1Dr

T111989

GT212000

Snrwbb

D2Oy

Snrwbw

D2Ob

T211997

Game round: 2

GT111989

Snrbwo

D1Ow

Snrbob

D1Ow

T111985

GT211997

Snrobb

D2Ob

Snrobp

D2Ob

T211993

Game round: 3

GT111985

Snrobw

D1Op

Snrobp

D1Ow

T111973

GT211993

Snropn

D2Ob

Snrong

D2Op

T211989

Game round: 4

GT111973

Snrngg

D1Oo

Snnggw

D1Or

T111960

GT211989

Snggwg

D2On

Sggwge

D2On

T211986

Game round: 5

GT111960

Sgggee

D1Ow

D1Dy

T111957

GT211986

D2De

D2Dy

T211982

Game round: 6

GT111957

D1Dg

Sggeer

D1Og

T111945

GT211982

D2Dn

D2Dp

T211979

Game round: 7

GT111945

Sggeer

D1Or

Sggeeg

D1Or

T111940

GT211979

D2Dr

D2Do

T211975

Game round: 8

GT111940

Sgeegr

D1Og

Sgeegb

D1Or

T111925

GT211975

Sgeegw

D2Ob

D2Do

T211971

Game round: 9

GT111925

Sgeego

D1Ow

Seegob

D1Og

T111914

GT211971

Seegoo

D2Ob

Seegor

D2Oo

T211967

Game round: 10

GT111914

Seegow

D1Or

Seegoy

D1Ow

T111910

GT211967

Seegon

D2Oy

Seegoo

D2On

T211963

Game round: 11

GT111910

Seeoon

D1Og

Seeono

D1Oo

T111907

GT211963

Seeoon

D2On

Seeooy

D2On

T211960

Game round: 12

GT111907

Seoyne

D1Oo

Seyney

D1Oo

T111894

GT211960

Seyeyr

D2On

Seeyrn

D2Oy

T211956

Game round: 13

GT111894

Sernyo

D1Or

Senyop

D1Or

T111890

GT211956

Seyopy

D2On

Seopyn

D2Oy

T211953

Game round: 14

GT111890

Sepynb

D1Oo

Seynbr

D1Op

T111878

GT211953

C2T2538n0800

C2D0ygp

C2C2538n0800

T211952

Game round: 15

GT111878

Seynbg

D1Or

Seynbe

D1Og

T111866

GT211952

C2T2834b0600

C2D1bww

C2C2834b0700

T211950

Game round: 16

GT111866

Senbeb

D1Oy

D1Dw

T111856

GT211950

Snbebb

D2Oe

T211949

Game round: 17

GT111856

D1Dg

D1Dg

T111844

GT211949

C2C2437y0402

T211948

Game round: 18

GT111844

D1Do

D1Dg

T111831

GT211948

Sbebbb

D2On

D2De

T211945

Game round: 19

GT111831

D1Dp

D1De

T111827

GT211945

D2Dr

D2Dg

T211942

Game round: 20

GT111827

Sbbbbn

D1Oe

T111823

GT211942

Sbbbbp

D2On

Sbbbbg

D2Op

T211931

Game round: 21

GT111823

C1C4243r0400

T111820

GT211931

C2C4334p0400

T211929

Game round: 22

GT111820

C1C3332g0400

T111816

GT211929

Sbbbbw

D2Og

D2Dp

T211919

Game round: 23

GT111816

C1C3842w0400

T111815

GT211919

D2Dw

Sbbbbo

D2Ow

T211906

Game round: 24

GT111815

C1C3832o0400

T111812

GT211906

Sbbbb0

D2Oo

D2Dy

Sbbbbo

T211895

Game round: 25

GT111812

C1C3427p0400

T111808

GT211895

C2C0001o0400

T211888

Game round: 26

GT111808

C1C0416r0400

T111803

GT211888

D2Do

Sbbbbn

D2Oo

T211876

Game round: 27

GT111803

C1C1004g0400

T111797

GT211876

Sbbbbw

D2On

Sbbbbg

D2Ow

T211866

Game round: 28

GT111797

C1C3540w0400

T111790

GT211866

C2C4044n0400

T211861

Game round: 29

GT111790

Sbbbbp

D1Og

Sbbbbb

D1Op

T111779

GT211861

D2De

D2Dn

T211858

Game round: 30

GT111779

D1Dg

D1Dn

T111776

GT211858

D2Db

Sbbbbe

D2Ob

T211855

Game round: 31

GT111776

D1Dr

D1Dn

T111773

GT211855

Sbbbey

D2Ob

Sbbeyo

D2Ob

T211852

Game round: 32

GT111773

Sbbeyn

D1Oo

Sbbenr

D1Oy

T111763

GT211852

C2C3833b0400

T211849

Game round: 33

GT111763

C1C3435o0400

T111754

GT211849

Sbbene

D2Or

Sybeyb

D2On

T211838

Game round: 34

GT111754

Sbeybe

D1Oy

Sbebeb

D1Oy

T111751

GT211838

D2Dn

D2Db

T211835

Game round: 35

GT111751

C1C2718y0400

T111745

GT211835

Sebebw

D2Ob

Sebebo

D2Ow

T211832

Game round: 36

GT111745

D1Do

Sebebb

D1Oo

T111732

GT211832

C2C2618w0400

T211823

Game round: 37

GT111732

D1Dp

D1Dp

T111720

GT211823

Seebbr

D2Ob

Seebry

D2Ob

T211820

Game round: 38

GT111720

C1C0403p0400

GIL

T111714

GT211820

C2C2719b0400

T211814

Game round: 39

GT111714

Sweneg

D1Or

Spyrwn

D1Og

T111703

GIE

GS1M-12

GS1E77

GS1S12

GS1P10

GS1T87

GS2M-12

GS2E93

GS2S12

GS2P0

GS2T93
