Game 17 log started: 2/16/2011  11:14:10 PM

GMeurope.xml

GI017START

GP21

D1Do

D1De

D1Dw

D1Do

Sypbyy

D1M003121

D1M101908184212202306

D2Dy

D2Dn

D2De

D2Dr

D2M033820

D2M273906011807080407

E003121184212

E12

E033820080407

E22

Game round: 1

GT12000

D1Dp

Sybyyn

D1Op

T11992

GT22000

Sbyynb

D2Oy

Sbynbo

D2Oy

T21990

Game round: 2

GT11992

Sbynbn

D1Oo

D1Dw

T11986

GT21990

Sbnbne

D2Oy

Sbbnew

D2On

T21981

Game round: 3

GT11986

Sbbneo

D1Ow

Sbbnen

D1Oo

T11979

GT21981

Sbbeng

D2On

Sbbege

D2On

T21972

Game round: 4

GT11979

D1Dn

D1Dw

T11973

GT21972

D2Dp

D2Db

T21961

Game round: 5

GT11973

D1De

D1Dn

T11967

GT21961

Sbegep

D2Ob

Segepo

D2Ob

T21953

Game round: 6

GT11967

Segepn

D1Oo

Segenp

D1Op

T11961

GT21953

Segepg

D2On

Segegg

D2Op

T21945

Game round: 7

GT11961

D1Dp

D1Dr

T11953

GT21945

D2De

D2Dr

T21936

Game round: 8

GT11953

D1Dw

D1Db

T11945

GT21936

D2Dr

D2Db

T21928

Game round: 9

GT11945

D1Dg

Seeggr

D1Og

T11937

GT21928

Seeggo

D2Or

D2Dy

T21917

Game round: 10

GT11937

Seeggp

D1Oo

Seeggw

D1Op

T11931

GT21917

D2Do

D2Dw

T21909

Game round: 11

GT11931

Seeggw

D1Ow

Sgooer

D1Ow

T11925

GT21909

Sgooee

D2Or

Sgoeew

D2Oo

T21899

Game round: 12

GT11925

Sgoeey

D1Ow

Sebyng

D1Oo

T11919

GT21899

Sebngb

D2Oy

Sebgbr

D2On

T21890

Game round: 13

GT11919

C1T2538w0800

C1D0oyr

C1C2538w0800

T11918

GT21890

Sebgbo

D2Or

Segbop

D2Ob

T21881

Game round: 14

GT11918

C1T2834o0600

C1D1rpe

C1C2834o0700

T11916

GT21881

Segopp

D2Ob

Segopb

D2Op

T21874

Game round: 15

GT11916

C1C2437p0402

T11915

GT21874

Segopg

D2Ob

Segogy

D2Op

T21866

Game round: 16

GT11915

Seogyw

D1Og

Seoywo

D1Og

T11908

GT21866

Seowob

D2Oy

Seowog

D2Ob

T21857

Game round: 17

GT11908

C1C4243g0400

T11907

GT21857

C2C4334b0400

T21846

Game round: 18

GT11907

D1Dn

D1De

T11899

GT21846

C2C3832y0400

T21842

Game round: 19

GT11899

D1Dw

Seoogy

D1Ow

T11891

GT21842

C2C3427r0400

T21837

Game round: 20

GT11891

D1Dn

D1Dn

T11883

GT21837

C2C4044n0400

T21830

Game round: 21

GT11883

C1C3435n0400

T11874

GT21830

C2C0403p0400

T21822

Game round: 22

GT11874

D1Dg

Seooyr

D1Og

T11866

GT21822

C2C3833b0400

T21817

Game round: 23

GT11866

Seooyg

D1Or

Seooyb

D1Og

T11860

GT21817

Seoobr

D2Oy

Seobrb

D2Oo

T21809

Game round: 24

GT11860

Seobbr

D1Or

Seobbb

D1Or

T11853

GT21809

C2C2718y0400

T21802

Game round: 25

GT11853

C1C0416r0400

T11847

GT21802

Sebbbe

D2Oo

D2Dp

T21794

Game round: 26

GT11847

Sebbeg

D1Ob

Sebbep

D1Og

T11840

GT21794

C2C0001o0400

T21788

Game round: 27

GT11840

C1C3332g0400

T11837

GT21788

Sebbey

D2Op

D2Dy

T21781

Game round: 28

GT11837

Sebeyn

D1Ob

Seeyng

D1Ob

T11829

GT21781

Seeygw

D2On

Seeyg0

D2Ow

Seeygg

T21773

Game round: 29

GT11829

C1C2719b0400

T11823

GT21773

Seeggo

D2Oy

D2Dr

T21764

Game round: 30

GT11823

D1Dp

D1Do

T11815

GT21764

D2Do

Seeggr

D2Oo

T21756

Game round: 31

GT11815

D1Dy

D1Dr

T11808

GT21756

Seeggb

D2Or

D2Db

T21748

Game round: 32

GT11808

D1Dy

D1Do

T11800

GT21748

C2C2618r0400

T21737

Game round: 33

GT11800

D1Do

D1Do

T11792

GT21737

Seeggy

D2Ob

Seeggn

D2Oy

T21728

Game round: 34

GT11792

C1C1016o0400

GIL

T11780

GT21728

Seeggp

D2On

Seeggb

D2Op

T21717

Game round: 35

GT11780

D1Dg

Sgwybn

D1Og

T11773

GIE

GS1M-14

GS1E93

GS1S12

GS1P0

GS1T91

GS2M-13

GS2E63

GS2S12

GS2P10

GS2T72
