Game 1 log started: 29/10/2015  11:43:47 a.m.

GMeurope.xml

GI001START

GP21

D1Db

D1Dy

D1Dn

D1Db

Swbeen

D1M072521

D1M152806152306001007

D2Dg

D2De

D2De

D2Dw

D2M003121

D2M223708213610251911

E152806

E11

E223708

E21

Game round: 1

GT112000

B11611b0100

T111999

GT212000

D2M314105394408111408

T20

Game round: 2

GT111999

D1Dr

D1Dg

T111987

GT20

T20

Game round: 3

GT111987

D1Dp

D1Dn

T111985

GT20

T20

Game round: 4

GT111985

D1M273906283005202306

T10

GIE

GS1M-51

GS1E0

GS1S8

GS1P0

GS1T-43

GS2M-63

GS2E0

GS2S12

GS2P0

GS2T-51
